<?xml version="1.0" encoding="UTF-8"?>
<!-- Generated by org.testng.reporters.JUnitReportReporter -->
<testsuite hostname="H5GXWT3" failures="1" tests="3" name="runners.TestRunner" time="159.910" errors="0" timestamp="2025-09-15T17:01:10 IST" skipped="0">
  <testcase classname="runners.TestRunner" name="runScenario" time="139.659">
    <failure message="Login was not successful: Expected condition failed: waiting for url to contain &quot;home&quot;. Current url: &quot;https://34.93.208.162/webapp/login/saml2/sso/betauptimessoqa&quot; (tried for 30 second(s) with 500 milliseconds interval)
Build info: version: &#039;4.20.0&#039;, revision: &#039;866c76ca80&#039;
System info: os.name: &#039;Windows 11&#039;, os.arch: &#039;amd64&#039;, os.version: &#039;10.0&#039;, java.version: &#039;22.0.2&#039;
Driver info: org.openqa.selenium.chrome.ChromeDriver
Capabilities {acceptInsecureCerts: false, browserName: chrome, browserVersion: 139.0.7258.155, chrome: {chromedriverVersion: 139.0.7258.154 (9e0d6b2b47f..., userDataDir: C:\Users\257225\AppData\Loc...}, fedcm:accounts: true, goog:chromeOptions: {debuggerAddress: localhost:58460}, networkConnectionEnabled: false, pageLoadStrategy: normal, platformName: windows, proxy: Proxy(), se:cdp: ws://localhost:58460/devtoo..., se:cdpVersion: 139.0.7258.155, setWindowRect: true, strictFileInteractability: false, timeouts: {implicit: 0, pageLoad: 300000, script: 30000}, unhandledPromptBehavior: dismiss and notify, webauthn:extension:credBlob: true, webauthn:extension:largeBlob: true, webauthn:extension:minPinLength: true, webauthn:extension:prf: true, webauthn:virtualAuthenticators: true}
Session ID: 5474815c0089b714dfe0be7a067dcac6" type="java.lang.AssertionError">
      <![CDATA[java.lang.AssertionError: Login was not successful: Expected condition failed: waiting for url to contain "home". Current url: "https://34.93.208.162/webapp/login/saml2/sso/betauptimessoqa" (tried for 30 second(s) with 500 milliseconds interval)
Build info: version: '4.20.0', revision: '866c76ca80'
System info: os.name: 'Windows 11', os.arch: 'amd64', os.version: '10.0', java.version: '22.0.2'
Driver info: org.openqa.selenium.chrome.ChromeDriver
Capabilities {acceptInsecureCerts: false, browserName: chrome, browserVersion: 139.0.7258.155, chrome: {chromedriverVersion: 139.0.7258.154 (9e0d6b2b47f..., userDataDir: C:\Users\257225\AppData\Loc...}, fedcm:accounts: true, goog:chromeOptions: {debuggerAddress: localhost:58460}, networkConnectionEnabled: false, pageLoadStrategy: normal, platformName: windows, proxy: Proxy(), se:cdp: ws://localhost:58460/devtoo..., se:cdpVersion: 139.0.7258.155, setWindowRect: true, strictFileInteractability: false, timeouts: {implicit: 0, pageLoad: 300000, script: 30000}, unhandledPromptBehavior: dismiss and notify, webauthn:extension:credBlob: true, webauthn:extension:largeBlob: true, webauthn:extension:minPinLength: true, webauthn:extension:prf: true, webauthn:virtualAuthenticators: true}
Session ID: 5474815c0089b714dfe0be7a067dcac6
at stepdefinitions.LoginSteps.i_should_be_logged_in_successfully(LoginSteps.java:54)
at âœ½.I should be logged in successfully(file:///C:/Users/257225/IdeaProjects/Selenium-cucumber-TestNG_runner/LoginPageDemo/src/test/resources/features/login.feature:7)
]]>
    </failure>
  </testcase> <!-- runScenario -->
  <testcase classname="runners.TestRunner" name="runScenario" time="10.750"/>
  <testcase classname="runners.TestRunner" name="runScenario" time="9.501"/>
</testsuite> <!-- runners.TestRunner -->
